00:00:00-00:00:09	1
00:00:34-01:00:00	225
01:00:00-02:00:00	231
02:00:00-03:00:00	239
03:00:00-04:00:00	241
04:00:00-05:00:00	248
05:00:00-06:00:00	250
06:00:20-07:00:00	256
07:00:00-08:00:00	194
08:00:00-09:00:00	14
09:00:00-10:00:00	92
10:00:00-11:00:00	804
11:00:00-12:00:00	790
12:00:00-12:00:12	2
12:00:23-13:00:00	805
13:00:00-14:00:00	898
14:00:00-15:00:00	729
15:00:00-16:00:00	16
16:00:00-17:00:00	10
17:00:00-18:00:00	8
18:11:37-19:00:00	3
19:00:00-20:00:00	6
20:00:00-21:00:00	9
21:00:00-22:00:00	13
22:00:00-23:00:00	21
23:00:00-00:00:00	14
